fjkanaza goth10 fjkanaxa fjkanaxa goth10
fjkanazb goth10 fjkanaxb fjkanaxb goth10
fjkanazc goth10 fjkanaxc fjkanaxc goth10
fjkanazd goth10 fjkanaxd fjkanaxd goth10
fjkanaze goth10 fjkanaxe fjkanaxe goth10
fjkanazf goth10 fjkanaxf fjkanaxf goth10
fjkanazg goth10 fjkanaxg fjkanaxg goth10
fjkanazh goth10 fjkanaxh fjkanaxh goth10
fjkanazi goth10 fjkanaxi fjkanaxi goth10
fjkanazj goth10 fjkanaxj fjkanaxj goth10
fjkanazk goth10 fjkanaxk fjkanaxk goth10
fjkanazl goth10 fjkanaxl fjkanaxl goth10
fjkanazm goth10 fjkanaxm fjkanaxm goth10
fjkanazn goth10 fjkanaxn fjkanaxn goth10
fjkanazo goth10 fjkanaxo fjkanaxo goth10
fjkanazp goth10 fjkanaxp fjkanaxp goth10
fjkanazq goth10 fjkanaxq fjkanaxq goth10
fjkanazr goth10 fjkanaxr fjkanaxr goth10
fjkanazs goth10 fjkanaxs fjkanaxs goth10
fjkanazt goth10 fjkanaxt fjkanaxt goth10
jpcomic dfhsgmaa dfhsmpaa dfhsmpaa dfhsgmaa
